<?xml version="1.0" encoding="UTF-8"?>
<testng-results skipped="0" failed="0" total="1" passed="1">
  <reporter-output>
  </reporter-output>
  <suite name="Default suite" duration-ms="5895" started-at="2021-01-09T20:11:18Z" finished-at="2021-01-09T20:11:24Z">
    <groups>
    </groups>
    <test name="Default test" duration-ms="5895" started-at="2021-01-09T20:11:18Z" finished-at="2021-01-09T20:11:24Z">
      <class name="AnnouncementsTests.DeleteItemAr">
        <test-method status="PASS" signature="startdriver()[pri:0, instance:AnnouncementsTests.DeleteItemAr@79698539]" name="startdriver" is-config="true" duration-ms="10215" started-at="2021-01-09T22:11:08Z" finished-at="2021-01-09T22:11:18Z">
          <reporter-output>
          </reporter-output>
        </test-method> <!-- startdriver -->
        <test-method status="PASS" signature="deleteitem()[pri:0, instance:AnnouncementsTests.DeleteItemAr@79698539]" name="deleteitem" duration-ms="5878" started-at="2021-01-09T22:11:18Z" finished-at="2021-01-09T22:11:24Z">
          <reporter-output>
          </reporter-output>
        </test-method> <!-- deleteitem -->
      </class> <!-- AnnouncementsTests.DeleteItemAr -->
    </test> <!-- Default test -->
  </suite> <!-- Default suite -->
</testng-results>
